[2026-02-08T11:26:44.890Z] API /api/asset-types called
[2026-02-08T11:26:44.894Z] Attempting to fetch AssetTypes from DB...
[2026-02-08T11:26:44.894Z] ERROR: Cannot read properties of undefined (reading 'findMany')
[2026-02-08T11:26:45.082Z] API /api/asset-types called
[2026-02-08T11:26:45.084Z] Attempting to fetch AssetTypes from DB...
[2026-02-08T11:26:45.086Z] ERROR: Cannot read properties of undefined (reading 'findMany')
[2026-02-08T11:26:56.750Z] API /api/asset-types called
[2026-02-08T11:26:56.751Z] Attempting to fetch AssetTypes from DB...
[2026-02-08T11:26:56.751Z] ERROR: Cannot read properties of undefined (reading 'findMany')
[2026-02-08T11:26:56.824Z] API /api/asset-types called
[2026-02-08T11:26:56.824Z] Attempting to fetch AssetTypes from DB...
[2026-02-08T11:26:56.825Z] ERROR: Cannot read properties of undefined (reading 'findMany')
[2026-02-08T11:28:04.231Z] API /api/asset-types called
[2026-02-08T11:28:04.231Z] Attempting to fetch AssetTypes from DB...
[2026-02-08T11:28:04.232Z] ERROR: Cannot read properties of undefined (reading 'findMany')
[2026-02-08T11:28:04.332Z] API /api/asset-types called
[2026-02-08T11:28:04.333Z] Attempting to fetch AssetTypes from DB...
[2026-02-08T11:28:04.336Z] ERROR: Cannot read properties of undefined (reading 'findMany')
[2026-02-08T11:28:12.148Z] API /api/asset-types called
[2026-02-08T11:28:12.148Z] Attempting to fetch AssetTypes from DB...
[2026-02-08T11:28:12.149Z] ERROR: Cannot read properties of undefined (reading 'findMany')
[2026-02-08T11:28:12.183Z] API /api/asset-types called
[2026-02-08T11:28:12.184Z] Attempting to fetch AssetTypes from DB...
[2026-02-08T11:28:12.185Z] ERROR: Cannot read properties of undefined (reading 'findMany')
[2026-02-08T11:49:12.025Z] API /api/asset-types called
[2026-02-08T11:49:12.026Z] Attempting to fetch AssetTypes from DB...
[2026-02-08T11:49:12.026Z] ERROR: Cannot read properties of undefined (reading 'findMany')
[2026-02-08T11:49:12.079Z] API /api/asset-types called
[2026-02-08T11:49:12.079Z] Attempting to fetch AssetTypes from DB...
[2026-02-08T11:49:12.080Z] ERROR: Cannot read properties of undefined (reading 'findMany')
[2026-02-08T11:49:16.501Z] API /api/asset-types called
[2026-02-08T11:49:16.502Z] Attempting to fetch AssetTypes from DB...
[2026-02-08T11:49:16.502Z] ERROR: Cannot read properties of undefined (reading 'findMany')
[2026-02-08T11:49:16.522Z] API /api/asset-types called
[2026-02-08T11:49:16.523Z] Attempting to fetch AssetTypes from DB...
[2026-02-08T11:49:16.523Z] ERROR: Cannot read properties of undefined (reading 'findMany')
[2026-02-08T11:49:18.793Z] API /api/asset-types called
[2026-02-08T11:49:18.793Z] Attempting to fetch AssetTypes from DB...
[2026-02-08T11:49:18.795Z] ERROR: Cannot read properties of undefined (reading 'findMany')
[2026-02-08T11:49:18.824Z] API /api/asset-types called
[2026-02-08T11:49:18.825Z] Attempting to fetch AssetTypes from DB...
[2026-02-08T11:49:18.826Z] ERROR: Cannot read properties of undefined (reading 'findMany')
[2026-02-08T11:57:19.291Z] API /api/asset-types called
[2026-02-08T11:57:19.292Z] Attempting to fetch AssetTypes from DB...
[2026-02-08T11:57:19.292Z] ERROR: Cannot read properties of undefined (reading 'findMany')
[2026-02-08T11:57:19.329Z] API /api/asset-types called
[2026-02-08T11:57:19.330Z] Attempting to fetch AssetTypes from DB...
[2026-02-08T11:57:19.331Z] ERROR: Cannot read properties of undefined (reading 'findMany')
[2026-02-08T11:57:24.034Z] API /api/asset-types called
[2026-02-08T11:57:24.035Z] Attempting to fetch AssetTypes from DB...
[2026-02-08T11:57:24.036Z] ERROR: Cannot read properties of undefined (reading 'findMany')
[2026-02-08T11:57:24.084Z] API /api/asset-types called
[2026-02-08T11:57:24.085Z] Attempting to fetch AssetTypes from DB...
[2026-02-08T11:57:24.086Z] ERROR: Cannot read properties of undefined (reading 'findMany')
[2026-02-08T11:57:26.407Z] API /api/asset-types called
[2026-02-08T11:57:26.407Z] Attempting to fetch AssetTypes from DB...
[2026-02-08T11:57:26.407Z] ERROR: Cannot read properties of undefined (reading 'findMany')
[2026-02-08T11:57:26.429Z] API /api/asset-types called
[2026-02-08T11:57:26.430Z] Attempting to fetch AssetTypes from DB...
[2026-02-08T11:57:26.431Z] ERROR: Cannot read properties of undefined (reading 'findMany')
[2026-02-08T11:57:28.084Z] API /api/asset-types called
[2026-02-08T11:57:28.085Z] Attempting to fetch AssetTypes from DB...
[2026-02-08T11:57:28.085Z] ERROR: Cannot read properties of undefined (reading 'findMany')
[2026-02-08T11:57:28.115Z] API /api/asset-types called
[2026-02-08T11:57:28.116Z] Attempting to fetch AssetTypes from DB...
[2026-02-08T11:57:28.117Z] ERROR: Cannot read properties of undefined (reading 'findMany')
[2026-02-08T11:59:39.234Z] API /api/asset-types called
[2026-02-08T11:59:39.235Z] Attempting to fetch AssetTypes from DB...
[2026-02-08T11:59:39.236Z] ERROR: Cannot read properties of undefined (reading 'findMany')
[2026-02-08T12:13:54.289Z] API /api/asset-types called
[2026-02-08T12:13:54.291Z] Attempting to fetch AssetTypes from DB...
[2026-02-08T12:13:54.604Z] ERROR: 
Invalid `prisma.assetType.findMany()` invocation:


The table `public.AssetType` does not exist in the current database.
[2026-02-08T12:14:19.778Z] API /api/asset-types called
[2026-02-08T12:14:19.780Z] Attempting to fetch AssetTypes from DB...
[2026-02-08T12:14:19.800Z] ERROR: 
Invalid `prisma.assetType.findMany()` invocation:


The table `public.AssetType` does not exist in the current database.
[2026-02-08T12:14:19.887Z] API /api/asset-types called
[2026-02-08T12:14:19.888Z] Attempting to fetch AssetTypes from DB...
[2026-02-08T12:14:19.897Z] ERROR: 
Invalid `prisma.assetType.findMany()` invocation:


The table `public.AssetType` does not exist in the current database.
[2026-02-08T12:18:18.709Z] API /api/asset-types called
[2026-02-08T12:18:18.710Z] Attempting to fetch AssetTypes from DB...
[2026-02-08T12:18:18.714Z] ERROR: 
Invalid `prisma.assetType.findMany()` invocation:


The table `public.AssetType` does not exist in the current database.
[2026-02-08T12:18:18.739Z] API /api/asset-types called
[2026-02-08T12:18:18.740Z] Attempting to fetch AssetTypes from DB...
[2026-02-08T12:18:18.744Z] ERROR: 
Invalid `prisma.assetType.findMany()` invocation:


The table `public.AssetType` does not exist in the current database.
[2026-02-08T12:18:40.405Z] API /api/asset-types called
[2026-02-08T12:18:40.405Z] Attempting to fetch AssetTypes from DB...
[2026-02-08T12:18:40.414Z] Fetched 25 types.
[2026-02-08T12:18:40.923Z] API /api/asset-types called
[2026-02-08T12:18:40.924Z] Attempting to fetch AssetTypes from DB...
[2026-02-08T12:18:40.925Z] Fetched 25 types.
[2026-02-08T12:18:40.943Z] API /api/asset-types called
[2026-02-08T12:18:40.944Z] Attempting to fetch AssetTypes from DB...
[2026-02-08T12:18:40.946Z] Fetched 25 types.
[2026-02-08T12:18:41.875Z] API /api/asset-types called
[2026-02-08T12:18:41.875Z] Attempting to fetch AssetTypes from DB...
[2026-02-08T12:18:41.877Z] Fetched 25 types.
[2026-02-08T12:18:41.898Z] API /api/asset-types called
[2026-02-08T12:18:41.898Z] Attempting to fetch AssetTypes from DB...
[2026-02-08T12:18:41.900Z] Fetched 25 types.
[2026-02-08T12:23:48.710Z] API /api/asset-types called
[2026-02-08T12:23:48.711Z] Attempting to fetch AssetTypes from DB...
[2026-02-08T12:23:48.777Z] Fetched 25 types.
[2026-02-08T12:24:21.965Z] API /api/asset-types called
[2026-02-08T12:24:21.965Z] Attempting to fetch AssetTypes from DB...
[2026-02-08T12:24:21.968Z] Fetched 25 types.
[2026-02-08T12:24:21.996Z] API /api/asset-types called
[2026-02-08T12:24:21.997Z] Attempting to fetch AssetTypes from DB...
[2026-02-08T12:24:22.000Z] Fetched 25 types.
[2026-02-08T12:24:23.444Z] API /api/asset-types called
[2026-02-08T12:24:23.444Z] Attempting to fetch AssetTypes from DB...
[2026-02-08T12:24:23.448Z] Fetched 25 types.
[2026-02-08T12:24:23.499Z] API /api/asset-types called
[2026-02-08T12:24:23.500Z] Attempting to fetch AssetTypes from DB...
[2026-02-08T12:24:23.504Z] Fetched 25 types.
[2026-02-08T12:26:14.830Z] API /api/asset-types called
[2026-02-08T12:26:14.832Z] Attempting to fetch AssetTypes from DB...
[2026-02-08T12:26:14.838Z] Fetched 25 types.
[2026-02-08T12:26:14.877Z] API /api/asset-types called
[2026-02-08T12:26:14.878Z] Attempting to fetch AssetTypes from DB...
[2026-02-08T12:26:14.881Z] Fetched 25 types.
[2026-02-08T13:25:00.432Z] API /api/asset-types called
[2026-02-08T13:25:00.436Z] Attempting to fetch AssetTypes from DB...
[2026-02-08T13:25:00.454Z] Fetched 25 types.
[2026-02-08T13:25:00.584Z] API /api/asset-types called
[2026-02-08T13:25:00.586Z] Attempting to fetch AssetTypes from DB...
[2026-02-08T13:25:00.594Z] Fetched 25 types.
[2026-02-08T13:25:04.762Z] API /api/asset-types called
[2026-02-08T13:25:04.763Z] Attempting to fetch AssetTypes from DB...
[2026-02-08T13:25:04.768Z] Fetched 25 types.
[2026-02-08T13:25:04.819Z] API /api/asset-types called
[2026-02-08T13:25:04.819Z] Attempting to fetch AssetTypes from DB...
[2026-02-08T13:25:04.823Z] Fetched 25 types.
[2026-02-08T13:31:09.310Z] API /api/asset-types called
[2026-02-08T13:31:09.312Z] Attempting to fetch AssetTypes from DB...
[2026-02-08T13:31:09.392Z] Fetched 25 types.
[2026-02-08T13:31:09.467Z] API /api/asset-types called
[2026-02-08T13:31:09.468Z] Attempting to fetch AssetTypes from DB...
[2026-02-08T13:31:09.473Z] Fetched 25 types.
[2026-02-08T13:34:36.566Z] API /api/asset-types called
[2026-02-08T13:34:36.567Z] Attempting to fetch AssetTypes from DB...
[2026-02-08T13:34:36.581Z] Fetched 25 types.
[2026-02-08T13:34:36.664Z] API /api/asset-types called
[2026-02-08T13:34:36.665Z] Attempting to fetch AssetTypes from DB...
[2026-02-08T13:34:36.669Z] Fetched 25 types.
[2026-02-08T13:34:37.126Z] API /api/asset-types called
[2026-02-08T13:34:37.126Z] Attempting to fetch AssetTypes from DB...
[2026-02-08T13:34:37.132Z] Fetched 25 types.
[2026-02-08T13:34:37.202Z] API /api/asset-types called
[2026-02-08T13:34:37.203Z] Attempting to fetch AssetTypes from DB...
[2026-02-08T13:34:37.209Z] Fetched 25 types.
[2026-02-08T13:36:29.916Z] API /api/asset-types called
[2026-02-08T13:36:29.918Z] Attempting to fetch AssetTypes from DB...
[2026-02-08T13:36:30.004Z] Fetched 25 types.
[2026-02-08T13:36:30.102Z] API /api/asset-types called
[2026-02-08T13:36:30.103Z] Attempting to fetch AssetTypes from DB...
[2026-02-08T13:36:30.108Z] Fetched 25 types.
[2026-02-08T13:48:00.426Z] API /api/asset-types called
[2026-02-08T13:48:00.427Z] Attempting to fetch AssetTypes from DB...
[2026-02-08T13:48:00.455Z] Fetched 25 types.
[2026-02-08T13:48:06.253Z] API /api/asset-types called
[2026-02-08T13:48:06.254Z] Attempting to fetch AssetTypes from DB...
[2026-02-08T13:48:06.259Z] Fetched 25 types.
[2026-02-08T13:48:06.343Z] API /api/asset-types called
[2026-02-08T13:48:06.344Z] Attempting to fetch AssetTypes from DB...
[2026-02-08T13:48:06.350Z] Fetched 25 types.
[2026-02-08T13:48:25.286Z] API /api/asset-types called
[2026-02-08T13:48:25.287Z] Attempting to fetch AssetTypes from DB...
[2026-02-08T13:48:25.294Z] Fetched 25 types.
[2026-02-08T13:48:25.358Z] API /api/asset-types called
[2026-02-08T13:48:25.359Z] Attempting to fetch AssetTypes from DB...
[2026-02-08T13:48:25.364Z] Fetched 25 types.
[2026-02-08T13:48:26.029Z] API /api/asset-types called
[2026-02-08T13:48:26.030Z] Attempting to fetch AssetTypes from DB...
[2026-02-08T13:48:26.035Z] Fetched 25 types.
[2026-02-08T13:48:26.113Z] API /api/asset-types called
[2026-02-08T13:48:26.114Z] Attempting to fetch AssetTypes from DB...
[2026-02-08T13:48:26.127Z] Fetched 25 types.
[2026-02-08T13:56:16.870Z] API /api/asset-types called
[2026-02-08T13:56:16.871Z] Attempting to fetch AssetTypes from DB...
[2026-02-08T13:56:16.890Z] Fetched 25 types.
[2026-02-08T13:56:16.983Z] API /api/asset-types called
[2026-02-08T13:56:16.984Z] Attempting to fetch AssetTypes from DB...
[2026-02-08T13:56:16.990Z] Fetched 25 types.
[2026-02-08T13:56:20.012Z] API /api/asset-types called
[2026-02-08T13:56:20.014Z] Attempting to fetch AssetTypes from DB...
[2026-02-08T13:56:20.019Z] Fetched 25 types.
[2026-02-08T13:56:20.074Z] API /api/asset-types called
[2026-02-08T13:56:20.075Z] Attempting to fetch AssetTypes from DB...
[2026-02-08T13:56:20.081Z] Fetched 25 types.
[2026-02-08T13:56:22.889Z] API /api/asset-types called
[2026-02-08T13:56:22.890Z] Attempting to fetch AssetTypes from DB...
[2026-02-08T13:56:22.895Z] Fetched 25 types.
[2026-02-08T13:56:22.942Z] API /api/asset-types called
[2026-02-08T13:56:22.944Z] Attempting to fetch AssetTypes from DB...
[2026-02-08T13:56:22.948Z] Fetched 25 types.
[2026-02-08T14:01:51.365Z] API /api/asset-types called
[2026-02-08T14:01:51.366Z] Attempting to fetch AssetTypes from DB...
[2026-02-08T14:01:51.545Z] Fetched 25 types.
[2026-02-08T14:01:51.614Z] API /api/asset-types called
[2026-02-08T14:01:51.615Z] Attempting to fetch AssetTypes from DB...
[2026-02-08T14:01:51.620Z] Fetched 25 types.
[2026-02-08T14:01:53.207Z] API /api/asset-types called
[2026-02-08T14:01:53.208Z] Attempting to fetch AssetTypes from DB...
[2026-02-08T14:01:53.212Z] Fetched 25 types.
[2026-02-08T14:01:53.271Z] API /api/asset-types called
[2026-02-08T14:01:53.272Z] Attempting to fetch AssetTypes from DB...
[2026-02-08T14:01:53.276Z] Fetched 25 types.
[2026-02-08T14:03:26.905Z] API /api/asset-types called
[2026-02-08T14:03:26.905Z] Attempting to fetch AssetTypes from DB...
[2026-02-08T14:03:26.910Z] Fetched 25 types.
[2026-02-08T14:03:26.957Z] API /api/asset-types called
[2026-02-08T14:03:26.958Z] Attempting to fetch AssetTypes from DB...
[2026-02-08T14:03:26.963Z] Fetched 25 types.
[2026-02-08T14:03:58.105Z] API /api/asset-types called
[2026-02-08T14:03:58.106Z] Attempting to fetch AssetTypes from DB...
[2026-02-08T14:03:58.129Z] Fetched 25 types.
[2026-02-08T14:03:59.320Z] API /api/asset-types called
[2026-02-08T14:03:59.320Z] Attempting to fetch AssetTypes from DB...
[2026-02-08T14:03:59.325Z] Fetched 25 types.
[2026-02-08T14:03:59.391Z] API /api/asset-types called
[2026-02-08T14:03:59.392Z] Attempting to fetch AssetTypes from DB...
[2026-02-08T14:03:59.396Z] Fetched 25 types.
[2026-02-08T14:04:02.748Z] API /api/asset-types called
[2026-02-08T14:04:02.749Z] Attempting to fetch AssetTypes from DB...
[2026-02-08T14:04:02.754Z] Fetched 25 types.
[2026-02-08T14:04:02.791Z] API /api/asset-types called
[2026-02-08T14:04:02.792Z] Attempting to fetch AssetTypes from DB...
[2026-02-08T14:04:02.796Z] Fetched 25 types.
[2026-02-08T14:05:12.564Z] API /api/asset-types called
[2026-02-08T14:05:12.565Z] Attempting to fetch AssetTypes from DB...
[2026-02-08T14:05:12.571Z] Fetched 25 types.
[2026-02-08T14:05:12.619Z] API /api/asset-types called
[2026-02-08T14:05:12.620Z] Attempting to fetch AssetTypes from DB...
[2026-02-08T14:05:12.624Z] Fetched 25 types.
[2026-02-08T14:05:22.033Z] API /api/asset-types called
[2026-02-08T14:05:22.034Z] Attempting to fetch AssetTypes from DB...
[2026-02-08T14:05:22.037Z] Fetched 25 types.
[2026-02-08T14:05:22.089Z] API /api/asset-types called
[2026-02-08T14:05:22.090Z] Attempting to fetch AssetTypes from DB...
[2026-02-08T14:05:22.094Z] Fetched 25 types.
[2026-02-08T14:06:42.903Z] API /api/asset-types called
[2026-02-08T14:06:42.904Z] Attempting to fetch AssetTypes from DB...
[2026-02-08T14:06:42.909Z] Fetched 25 types.
[2026-02-08T14:06:42.964Z] API /api/asset-types called
[2026-02-08T14:06:42.965Z] Attempting to fetch AssetTypes from DB...
[2026-02-08T14:06:42.971Z] Fetched 25 types.
[2026-02-08T14:06:43.591Z] API /api/asset-types called
[2026-02-08T14:06:43.592Z] Attempting to fetch AssetTypes from DB...
[2026-02-08T14:06:43.596Z] Fetched 25 types.
[2026-02-08T14:06:43.646Z] API /api/asset-types called
[2026-02-08T14:06:43.647Z] Attempting to fetch AssetTypes from DB...
[2026-02-08T14:06:43.652Z] Fetched 25 types.
[2026-02-08T14:07:21.379Z] API /api/asset-types called
[2026-02-08T14:07:21.380Z] Attempting to fetch AssetTypes from DB...
[2026-02-08T14:07:21.384Z] Fetched 25 types.
[2026-02-08T14:07:21.437Z] API /api/asset-types called
[2026-02-08T14:07:21.438Z] Attempting to fetch AssetTypes from DB...
[2026-02-08T14:07:21.442Z] Fetched 25 types.
[2026-02-08T14:08:14.893Z] API /api/asset-types called
[2026-02-08T14:08:14.893Z] Attempting to fetch AssetTypes from DB...
[2026-02-08T14:08:14.897Z] Fetched 25 types.
[2026-02-08T14:08:14.946Z] API /api/asset-types called
[2026-02-08T14:08:14.947Z] Attempting to fetch AssetTypes from DB...
[2026-02-08T14:08:14.951Z] Fetched 25 types.
[2026-02-08T14:08:19.872Z] API /api/asset-types called
[2026-02-08T14:08:19.873Z] Attempting to fetch AssetTypes from DB...
[2026-02-08T14:08:19.878Z] Fetched 25 types.
[2026-02-08T14:08:19.922Z] API /api/asset-types called
[2026-02-08T14:08:19.923Z] Attempting to fetch AssetTypes from DB...
[2026-02-08T14:08:19.927Z] Fetched 25 types.
[2026-02-08T14:08:20.666Z] API /api/asset-types called
[2026-02-08T14:08:20.667Z] Attempting to fetch AssetTypes from DB...
[2026-02-08T14:08:20.672Z] Fetched 25 types.
[2026-02-08T14:08:20.713Z] API /api/asset-types called
[2026-02-08T14:08:20.714Z] Attempting to fetch AssetTypes from DB...
[2026-02-08T14:08:20.718Z] Fetched 25 types.
[2026-02-08T14:08:33.452Z] API /api/asset-types called
[2026-02-08T14:08:33.454Z] Attempting to fetch AssetTypes from DB...
[2026-02-08T14:08:33.458Z] Fetched 25 types.
[2026-02-08T14:08:33.518Z] API /api/asset-types called
[2026-02-08T14:08:33.518Z] Attempting to fetch AssetTypes from DB...
[2026-02-08T14:08:33.523Z] Fetched 25 types.
[2026-02-08T14:08:49.056Z] API /api/asset-types called
[2026-02-08T14:08:49.056Z] Attempting to fetch AssetTypes from DB...
[2026-02-08T14:08:49.123Z] Fetched 25 types.
[2026-02-08T14:08:49.174Z] API /api/asset-types called
[2026-02-08T14:08:49.175Z] Attempting to fetch AssetTypes from DB...
[2026-02-08T14:08:49.179Z] Fetched 25 types.
[2026-02-08T14:09:15.073Z] API /api/asset-types called
[2026-02-08T14:09:15.074Z] Attempting to fetch AssetTypes from DB...
[2026-02-08T14:09:15.079Z] Fetched 25 types.
[2026-02-08T14:09:15.129Z] API /api/asset-types called
[2026-02-08T14:09:15.130Z] Attempting to fetch AssetTypes from DB...
[2026-02-08T14:09:15.134Z] Fetched 25 types.
[2026-02-08T14:10:25.716Z] API /api/asset-types called
[2026-02-08T14:10:25.717Z] Attempting to fetch AssetTypes from DB...
[2026-02-08T14:10:25.723Z] Fetched 25 types.
[2026-02-08T14:10:25.779Z] API /api/asset-types called
[2026-02-08T14:10:25.780Z] Attempting to fetch AssetTypes from DB...
[2026-02-08T14:10:25.784Z] Fetched 25 types.
[2026-02-08T14:11:12.391Z] API /api/asset-types called
[2026-02-08T14:11:12.392Z] Attempting to fetch AssetTypes from DB...
[2026-02-08T14:11:12.398Z] Fetched 25 types.
[2026-02-08T14:11:12.459Z] API /api/asset-types called
[2026-02-08T14:11:12.460Z] Attempting to fetch AssetTypes from DB...
[2026-02-08T14:11:12.464Z] Fetched 25 types.
[2026-02-08T14:11:15.365Z] API /api/asset-types called
[2026-02-08T14:11:15.366Z] Attempting to fetch AssetTypes from DB...
[2026-02-08T14:11:15.372Z] Fetched 25 types.
[2026-02-08T14:11:15.438Z] API /api/asset-types called
[2026-02-08T14:11:15.439Z] Attempting to fetch AssetTypes from DB...
[2026-02-08T14:11:15.443Z] Fetched 25 types.
[2026-02-08T14:11:58.545Z] API /api/asset-types called
[2026-02-08T14:11:58.547Z] Attempting to fetch AssetTypes from DB...
[2026-02-08T14:11:58.558Z] Fetched 25 types.
[2026-02-08T14:11:58.680Z] API /api/asset-types called
[2026-02-08T14:11:58.682Z] Attempting to fetch AssetTypes from DB...
[2026-02-08T14:11:58.689Z] Fetched 25 types.
[2026-02-08T14:13:36.510Z] API /api/asset-types called
[2026-02-08T14:13:36.511Z] Attempting to fetch AssetTypes from DB...
[2026-02-08T14:13:36.517Z] Fetched 25 types.
[2026-02-08T14:13:36.621Z] API /api/asset-types called
[2026-02-08T14:13:36.622Z] Attempting to fetch AssetTypes from DB...
[2026-02-08T14:13:36.627Z] Fetched 25 types.
[2026-02-08T14:13:40.103Z] API /api/asset-types called
[2026-02-08T14:13:40.105Z] Attempting to fetch AssetTypes from DB...
[2026-02-08T14:13:40.111Z] Fetched 25 types.
[2026-02-08T14:13:40.172Z] API /api/asset-types called
[2026-02-08T14:13:40.173Z] Attempting to fetch AssetTypes from DB...
[2026-02-08T14:13:40.178Z] Fetched 25 types.
[2026-02-08T14:13:52.512Z] API /api/asset-types called
[2026-02-08T14:13:52.516Z] Attempting to fetch AssetTypes from DB...
[2026-02-08T14:13:52.542Z] Fetched 25 types.
[2026-02-08T14:13:52.626Z] API /api/asset-types called
[2026-02-08T14:13:52.629Z] Attempting to fetch AssetTypes from DB...
[2026-02-08T14:13:52.637Z] Fetched 25 types.
[2026-02-08T14:13:56.648Z] API /api/asset-types called
[2026-02-08T14:13:56.649Z] Attempting to fetch AssetTypes from DB...
[2026-02-08T14:13:56.652Z] Fetched 25 types.
[2026-02-08T14:13:56.699Z] API /api/asset-types called
[2026-02-08T14:13:56.700Z] Attempting to fetch AssetTypes from DB...
[2026-02-08T14:13:56.704Z] Fetched 25 types.
[2026-02-08T14:23:43.341Z] API /api/asset-types called
[2026-02-08T14:23:43.342Z] Attempting to fetch AssetTypes from DB...
[2026-02-08T14:23:43.354Z] Fetched 25 types.
[2026-02-08T14:23:43.416Z] API /api/asset-types called
[2026-02-08T14:23:43.417Z] Attempting to fetch AssetTypes from DB...
[2026-02-08T14:23:43.421Z] Fetched 25 types.
[2026-02-08T14:29:58.024Z] API /api/asset-types called
[2026-02-08T14:29:58.026Z] Attempting to fetch AssetTypes from DB...
[2026-02-08T14:29:58.042Z] Fetched 25 types.
[2026-02-08T14:29:58.184Z] API /api/asset-types called
[2026-02-08T14:29:58.186Z] Attempting to fetch AssetTypes from DB...
[2026-02-08T14:29:58.204Z] Fetched 25 types.
[2026-02-08T14:30:00.550Z] API /api/asset-types called
[2026-02-08T14:30:00.551Z] Attempting to fetch AssetTypes from DB...
[2026-02-08T14:30:00.559Z] Fetched 25 types.
[2026-02-08T14:30:00.635Z] API /api/asset-types called
[2026-02-08T14:30:00.636Z] Attempting to fetch AssetTypes from DB...
[2026-02-08T14:30:00.643Z] Fetched 25 types.
[2026-02-08T14:43:57.041Z] API /api/asset-types called
[2026-02-08T14:43:57.043Z] Attempting to fetch AssetTypes from DB...
[2026-02-08T14:43:57.156Z] Fetched 25 types.
[2026-02-08T14:43:57.278Z] API /api/asset-types called
[2026-02-08T14:43:57.279Z] Attempting to fetch AssetTypes from DB...
[2026-02-08T14:43:57.285Z] Fetched 25 types.
[2026-02-08T14:48:59.244Z] API /api/asset-types called
[2026-02-08T14:48:59.246Z] Attempting to fetch AssetTypes from DB...
[2026-02-08T14:48:59.350Z] Fetched 25 types.
[2026-02-08T14:48:59.420Z] API /api/asset-types called
[2026-02-08T14:48:59.422Z] Attempting to fetch AssetTypes from DB...
[2026-02-08T14:48:59.437Z] Fetched 25 types.
[2026-02-08T14:51:57.767Z] API /api/asset-types called
[2026-02-08T14:51:57.770Z] Attempting to fetch AssetTypes from DB...
[2026-02-08T14:51:57.808Z] Fetched 25 types.
[2026-02-08T14:52:00.203Z] API /api/asset-types called
[2026-02-08T14:52:00.204Z] Attempting to fetch AssetTypes from DB...
[2026-02-08T14:52:00.266Z] Fetched 25 types.
[2026-02-08T14:52:02.108Z] API /api/asset-types called
[2026-02-08T14:52:02.109Z] Attempting to fetch AssetTypes from DB...
[2026-02-08T14:52:02.116Z] Fetched 25 types.
[2026-02-08T14:52:02.195Z] API /api/asset-types called
[2026-02-08T14:52:02.196Z] Attempting to fetch AssetTypes from DB...
[2026-02-08T14:52:02.203Z] Fetched 25 types.
[2026-02-08T14:55:06.828Z] API /api/asset-types called
[2026-02-08T14:55:06.830Z] Attempting to fetch AssetTypes from DB...
[2026-02-08T14:55:06.840Z] Fetched 25 types.
[2026-02-08T14:55:06.913Z] API /api/asset-types called
[2026-02-08T14:55:06.914Z] Attempting to fetch AssetTypes from DB...
[2026-02-08T14:55:06.919Z] Fetched 25 types.
[2026-02-08T14:56:34.943Z] API /api/asset-types called
[2026-02-08T14:56:34.944Z] Attempting to fetch AssetTypes from DB...
[2026-02-08T14:56:34.950Z] Fetched 25 types.
[2026-02-08T14:56:35.035Z] API /api/asset-types called
[2026-02-08T14:56:35.037Z] Attempting to fetch AssetTypes from DB...
[2026-02-08T14:56:35.042Z] Fetched 25 types.
[2026-02-08T15:00:28.418Z] API /api/asset-types called
[2026-02-08T15:00:28.419Z] Attempting to fetch AssetTypes from DB...
[2026-02-08T15:00:28.425Z] Fetched 25 types.
[2026-02-08T15:00:28.533Z] API /api/asset-types called
[2026-02-08T15:00:28.535Z] Attempting to fetch AssetTypes from DB...
[2026-02-08T15:00:28.547Z] Fetched 25 types.
[2026-02-08T15:01:33.788Z] API /api/asset-types called
[2026-02-08T15:01:33.789Z] Attempting to fetch AssetTypes from DB...
[2026-02-08T15:01:33.792Z] Fetched 25 types.
[2026-02-08T15:01:33.841Z] API /api/asset-types called
[2026-02-08T15:01:33.842Z] Attempting to fetch AssetTypes from DB...
[2026-02-08T15:01:33.845Z] Fetched 25 types.
[2026-02-08T15:01:35.613Z] API /api/asset-types called
[2026-02-08T15:01:35.613Z] Attempting to fetch AssetTypes from DB...
[2026-02-08T15:01:35.616Z] Fetched 25 types.
[2026-02-08T15:01:35.651Z] API /api/asset-types called
[2026-02-08T15:01:35.652Z] Attempting to fetch AssetTypes from DB...
[2026-02-08T15:01:35.657Z] Fetched 25 types.
[2026-02-08T15:03:30.155Z] API /api/asset-types called
[2026-02-08T15:03:30.156Z] Attempting to fetch AssetTypes from DB...
[2026-02-08T15:03:30.161Z] Fetched 25 types.
[2026-02-08T15:03:30.194Z] API /api/asset-types called
[2026-02-08T15:03:30.194Z] Attempting to fetch AssetTypes from DB...
[2026-02-08T15:03:30.197Z] Fetched 25 types.
[2026-02-08T15:03:42.452Z] API /api/asset-types called
[2026-02-08T15:03:42.453Z] Attempting to fetch AssetTypes from DB...
[2026-02-08T15:03:42.459Z] Fetched 25 types.
[2026-02-08T15:03:42.539Z] API /api/asset-types called
[2026-02-08T15:03:42.540Z] Attempting to fetch AssetTypes from DB...
[2026-02-08T15:03:42.543Z] Fetched 25 types.
[2026-02-08T15:03:50.921Z] API /api/asset-types called
[2026-02-08T15:03:50.922Z] Attempting to fetch AssetTypes from DB...
[2026-02-08T15:03:50.925Z] Fetched 25 types.
[2026-02-08T15:03:50.985Z] API /api/asset-types called
[2026-02-08T15:03:50.985Z] Attempting to fetch AssetTypes from DB...
[2026-02-08T15:03:50.989Z] Fetched 25 types.
[2026-02-08T15:03:51.384Z] API /api/asset-types called
[2026-02-08T15:03:51.385Z] Attempting to fetch AssetTypes from DB...
[2026-02-08T15:03:51.392Z] Fetched 25 types.
[2026-02-08T15:03:51.481Z] API /api/asset-types called
[2026-02-08T15:03:51.482Z] Attempting to fetch AssetTypes from DB...
[2026-02-08T15:03:51.491Z] Fetched 25 types.
[2026-02-08T15:03:56.553Z] API /api/asset-types called
[2026-02-08T15:03:56.554Z] Attempting to fetch AssetTypes from DB...
[2026-02-08T15:03:56.556Z] Fetched 25 types.
[2026-02-08T15:03:56.576Z] API /api/asset-types called
[2026-02-08T15:03:56.577Z] Attempting to fetch AssetTypes from DB...
[2026-02-08T15:03:56.579Z] Fetched 25 types.
[2026-02-08T15:05:49.269Z] API /api/asset-types called
[2026-02-08T15:05:49.269Z] Attempting to fetch AssetTypes from DB...
[2026-02-08T15:05:49.272Z] Fetched 25 types.
[2026-02-08T15:05:49.343Z] API /api/asset-types called
[2026-02-08T15:05:49.343Z] Attempting to fetch AssetTypes from DB...
[2026-02-08T15:05:49.348Z] Fetched 25 types.
[2026-02-08T15:07:09.377Z] API /api/asset-types called
[2026-02-08T15:07:09.377Z] Attempting to fetch AssetTypes from DB...
[2026-02-08T15:07:09.384Z] Fetched 25 types.
[2026-02-08T15:07:09.412Z] API /api/asset-types called
[2026-02-08T15:07:09.413Z] Attempting to fetch AssetTypes from DB...
[2026-02-08T15:07:09.415Z] Fetched 25 types.
[2026-02-08T15:07:35.893Z] API /api/asset-types called
[2026-02-08T15:07:35.893Z] Attempting to fetch AssetTypes from DB...
[2026-02-08T15:07:35.896Z] Fetched 25 types.
[2026-02-08T15:07:35.938Z] API /api/asset-types called
[2026-02-08T15:07:35.939Z] Attempting to fetch AssetTypes from DB...
[2026-02-08T15:07:35.941Z] Fetched 25 types.
[2026-02-08T15:09:44.960Z] API /api/asset-types called
[2026-02-08T15:09:44.961Z] Attempting to fetch AssetTypes from DB...
[2026-02-08T15:09:44.964Z] Fetched 25 types.
[2026-02-08T15:09:45.006Z] API /api/asset-types called
[2026-02-08T15:09:45.006Z] Attempting to fetch AssetTypes from DB...
[2026-02-08T15:09:45.009Z] Fetched 25 types.
[2026-02-08T15:11:18.749Z] API /api/asset-types called
[2026-02-08T15:11:18.750Z] Attempting to fetch AssetTypes from DB...
[2026-02-08T15:11:18.755Z] Fetched 25 types.
[2026-02-08T15:11:18.849Z] API /api/asset-types called
[2026-02-08T15:11:18.849Z] Attempting to fetch AssetTypes from DB...
[2026-02-08T15:11:18.854Z] Fetched 25 types.
[2026-02-08T15:11:19.041Z] API /api/asset-types called
[2026-02-08T15:11:19.042Z] Attempting to fetch AssetTypes from DB...
[2026-02-08T15:11:19.046Z] Fetched 25 types.
[2026-02-08T15:11:19.093Z] API /api/asset-types called
[2026-02-08T15:11:19.094Z] Attempting to fetch AssetTypes from DB...
[2026-02-08T15:11:19.098Z] Fetched 25 types.
[2026-02-08T15:13:04.236Z] API /api/asset-types called
[2026-02-08T15:13:04.239Z] Attempting to fetch AssetTypes from DB...
[2026-02-08T15:13:04.254Z] Fetched 25 types.
[2026-02-08T15:13:04.346Z] API /api/asset-types called
[2026-02-08T15:13:04.347Z] Attempting to fetch AssetTypes from DB...
[2026-02-08T15:13:04.355Z] Fetched 25 types.
[2026-02-08T15:14:14.121Z] API /api/asset-types called
[2026-02-08T15:14:14.122Z] Attempting to fetch AssetTypes from DB...
[2026-02-08T15:14:14.126Z] Fetched 25 types.
[2026-02-08T15:14:14.169Z] API /api/asset-types called
[2026-02-08T15:14:14.169Z] Attempting to fetch AssetTypes from DB...
[2026-02-08T15:14:14.173Z] Fetched 25 types.
[2026-02-08T15:14:15.669Z] API /api/asset-types called
[2026-02-08T15:14:15.670Z] Attempting to fetch AssetTypes from DB...
[2026-02-08T15:14:15.673Z] Fetched 25 types.
[2026-02-08T15:14:15.722Z] API /api/asset-types called
[2026-02-08T15:14:15.723Z] Attempting to fetch AssetTypes from DB...
[2026-02-08T15:14:15.727Z] Fetched 25 types.
[2026-02-08T15:14:16.576Z] API /api/asset-types called
[2026-02-08T15:14:16.576Z] Attempting to fetch AssetTypes from DB...
[2026-02-08T15:14:16.579Z] Fetched 25 types.
[2026-02-08T15:14:16.628Z] API /api/asset-types called
[2026-02-08T15:14:16.628Z] Attempting to fetch AssetTypes from DB...
[2026-02-08T15:14:16.631Z] Fetched 25 types.
[2026-02-08T15:14:59.637Z] API /api/asset-types called
[2026-02-08T15:14:59.639Z] Attempting to fetch AssetTypes from DB...
[2026-02-08T15:14:59.642Z] Fetched 25 types.
[2026-02-08T15:14:59.686Z] API /api/asset-types called
[2026-02-08T15:14:59.687Z] Attempting to fetch AssetTypes from DB...
[2026-02-08T15:14:59.690Z] Fetched 25 types.
[2026-02-08T15:15:01.597Z] API /api/asset-types called
[2026-02-08T15:15:01.598Z] Attempting to fetch AssetTypes from DB...
[2026-02-08T15:15:01.604Z] Fetched 25 types.
[2026-02-08T15:15:01.691Z] API /api/asset-types called
[2026-02-08T15:15:01.691Z] Attempting to fetch AssetTypes from DB...
[2026-02-08T15:15:01.695Z] Fetched 25 types.
[2026-02-08T15:15:02.284Z] API /api/asset-types called
[2026-02-08T15:15:02.285Z] Attempting to fetch AssetTypes from DB...
[2026-02-08T15:15:02.287Z] Fetched 25 types.
[2026-02-08T15:15:02.325Z] API /api/asset-types called
[2026-02-08T15:15:02.325Z] Attempting to fetch AssetTypes from DB...
[2026-02-08T15:15:02.327Z] Fetched 25 types.
[2026-02-08T15:28:57.390Z] API /api/asset-types called
[2026-02-08T15:28:57.390Z] Attempting to fetch AssetTypes from DB...
[2026-02-08T15:28:57.395Z] Fetched 25 types.
[2026-02-08T15:28:57.497Z] API /api/asset-types called
[2026-02-08T15:28:57.498Z] Attempting to fetch AssetTypes from DB...
[2026-02-08T15:28:57.500Z] Fetched 25 types.
[2026-02-08T15:28:57.666Z] API /api/asset-types called
[2026-02-08T15:28:57.666Z] Attempting to fetch AssetTypes from DB...
[2026-02-08T15:28:57.669Z] Fetched 25 types.
[2026-02-08T15:28:57.691Z] API /api/asset-types called
[2026-02-08T15:28:57.691Z] Attempting to fetch AssetTypes from DB...
[2026-02-08T15:28:57.693Z] Fetched 25 types.
[2026-02-08T15:30:41.263Z] API /api/asset-types called
[2026-02-08T15:30:41.263Z] Attempting to fetch AssetTypes from DB...
[2026-02-08T15:30:41.268Z] Fetched 25 types.
[2026-02-08T15:30:41.413Z] API /api/asset-types called
[2026-02-08T15:30:41.414Z] Attempting to fetch AssetTypes from DB...
[2026-02-08T15:30:41.419Z] Fetched 25 types.
[2026-02-08T15:30:41.584Z] API /api/asset-types called
[2026-02-08T15:30:41.586Z] Attempting to fetch AssetTypes from DB...
[2026-02-08T15:30:41.600Z] Fetched 25 types.
[2026-02-08T15:30:41.681Z] API /api/asset-types called
[2026-02-08T15:30:41.682Z] Attempting to fetch AssetTypes from DB...
[2026-02-08T15:30:41.686Z] Fetched 25 types.
[2026-02-08T15:33:49.143Z] API /api/asset-types called
[2026-02-08T15:33:49.144Z] Attempting to fetch AssetTypes from DB...
[2026-02-08T15:33:49.151Z] Fetched 25 types.
[2026-02-08T15:33:49.207Z] API /api/asset-types called
[2026-02-08T15:33:49.207Z] Attempting to fetch AssetTypes from DB...
[2026-02-08T15:33:49.211Z] Fetched 25 types.
[2026-02-08T15:33:50.672Z] API /api/asset-types called
[2026-02-08T15:33:50.675Z] Attempting to fetch AssetTypes from DB...
[2026-02-08T15:33:50.686Z] Fetched 25 types.
[2026-02-08T15:33:50.782Z] API /api/asset-types called
[2026-02-08T15:33:50.782Z] Attempting to fetch AssetTypes from DB...
[2026-02-08T15:33:50.791Z] Fetched 25 types.
[2026-02-08T15:38:07.105Z] API /api/asset-types called
[2026-02-08T15:38:07.106Z] Attempting to fetch AssetTypes from DB...
[2026-02-08T15:38:07.120Z] Fetched 25 types.
[2026-02-08T15:38:07.971Z] API /api/asset-types called
[2026-02-08T15:38:07.972Z] Attempting to fetch AssetTypes from DB...
[2026-02-08T15:38:07.975Z] Fetched 25 types.
[2026-02-08T15:38:08.057Z] API /api/asset-types called
[2026-02-08T15:38:08.059Z] Attempting to fetch AssetTypes from DB...
[2026-02-08T15:38:08.065Z] Fetched 25 types.
[2026-02-08T15:40:37.640Z] API /api/asset-types called
[2026-02-08T15:40:37.641Z] Attempting to fetch AssetTypes from DB...
[2026-02-08T15:40:37.649Z] Fetched 25 types.
[2026-02-08T15:40:37.698Z] API /api/asset-types called
[2026-02-08T15:40:37.699Z] Attempting to fetch AssetTypes from DB...
[2026-02-08T15:40:37.701Z] Fetched 25 types.
[2026-02-08T15:40:39.484Z] API /api/asset-types called
[2026-02-08T15:40:39.484Z] Attempting to fetch AssetTypes from DB...
[2026-02-08T15:40:39.487Z] Fetched 25 types.
[2026-02-08T15:40:39.520Z] API /api/asset-types called
[2026-02-08T15:40:39.520Z] Attempting to fetch AssetTypes from DB...
[2026-02-08T15:40:39.523Z] Fetched 25 types.
[2026-02-08T15:50:53.792Z] API /api/asset-types called
[2026-02-08T15:50:53.792Z] Attempting to fetch AssetTypes from DB...
[2026-02-08T15:50:53.798Z] Fetched 0 types.
[2026-02-08T15:50:53.799Z] Types empty. Seeding defaults...
[2026-02-08T15:50:53.809Z] Seeding complete. New count: 25
[2026-02-08T15:50:53.846Z] API /api/asset-types called
[2026-02-08T15:50:53.846Z] Attempting to fetch AssetTypes from DB...
[2026-02-08T15:50:53.849Z] Fetched 25 types.
[2026-02-08T15:50:59.470Z] API /api/asset-types called
[2026-02-08T15:50:59.471Z] Attempting to fetch AssetTypes from DB...
[2026-02-08T15:50:59.475Z] Fetched 25 types.
[2026-02-08T15:50:59.512Z] API /api/asset-types called
[2026-02-08T15:50:59.512Z] Attempting to fetch AssetTypes from DB...
[2026-02-08T15:50:59.515Z] Fetched 25 types.
[2026-02-08T15:51:27.118Z] API /api/asset-types called
[2026-02-08T15:51:27.119Z] Attempting to fetch AssetTypes from DB...
[2026-02-08T15:51:27.122Z] Fetched 25 types.
[2026-02-08T15:51:27.155Z] API /api/asset-types called
[2026-02-08T15:51:27.156Z] Attempting to fetch AssetTypes from DB...
[2026-02-08T15:51:27.158Z] Fetched 25 types.
[2026-02-08T15:51:29.125Z] API /api/asset-types called
[2026-02-08T15:51:29.125Z] Attempting to fetch AssetTypes from DB...
[2026-02-08T15:51:29.127Z] Fetched 25 types.
[2026-02-08T15:51:29.157Z] API /api/asset-types called
[2026-02-08T15:51:29.158Z] Attempting to fetch AssetTypes from DB...
[2026-02-08T15:51:29.161Z] Fetched 25 types.
[2026-02-08T15:52:47.049Z] API /api/asset-types called
[2026-02-08T15:52:47.049Z] Attempting to fetch AssetTypes from DB...
[2026-02-08T15:52:47.051Z] Fetched 25 types.
[2026-02-08T15:52:47.081Z] API /api/asset-types called
[2026-02-08T15:52:47.081Z] Attempting to fetch AssetTypes from DB...
[2026-02-08T15:52:47.083Z] Fetched 25 types.
[2026-02-08T15:52:54.211Z] API /api/asset-types called
[2026-02-08T15:52:54.212Z] Attempting to fetch AssetTypes from DB...
[2026-02-08T15:52:54.218Z] Fetched 25 types.
[2026-02-08T15:52:54.263Z] API /api/asset-types called
[2026-02-08T15:52:54.264Z] Attempting to fetch AssetTypes from DB...
[2026-02-08T15:52:54.266Z] Fetched 25 types.
[2026-02-08T15:52:57.939Z] API /api/asset-types called
[2026-02-08T15:52:57.940Z] Attempting to fetch AssetTypes from DB...
[2026-02-08T15:52:57.942Z] Fetched 25 types.
[2026-02-08T15:52:57.973Z] API /api/asset-types called
[2026-02-08T15:52:57.974Z] Attempting to fetch AssetTypes from DB...
[2026-02-08T15:52:57.977Z] Fetched 25 types.
[2026-02-08T15:52:59.633Z] API /api/asset-types called
[2026-02-08T15:52:59.633Z] Attempting to fetch AssetTypes from DB...
[2026-02-08T15:52:59.636Z] Fetched 25 types.
[2026-02-08T15:52:59.674Z] API /api/asset-types called
[2026-02-08T15:52:59.674Z] Attempting to fetch AssetTypes from DB...
[2026-02-08T15:52:59.677Z] Fetched 25 types.
[2026-02-08T15:53:20.376Z] API /api/asset-types called
[2026-02-08T15:53:20.376Z] Attempting to fetch AssetTypes from DB...
[2026-02-08T15:53:20.380Z] Fetched 25 types.
[2026-02-08T15:53:20.427Z] API /api/asset-types called
[2026-02-08T15:53:20.427Z] Attempting to fetch AssetTypes from DB...
[2026-02-08T15:53:20.429Z] Fetched 25 types.
[2026-02-08T15:53:24.499Z] API /api/asset-types called
[2026-02-08T15:53:24.500Z] Attempting to fetch AssetTypes from DB...
[2026-02-08T15:53:24.502Z] Fetched 25 types.
[2026-02-08T15:53:24.541Z] API /api/asset-types called
[2026-02-08T15:53:24.541Z] Attempting to fetch AssetTypes from DB...
[2026-02-08T15:53:24.546Z] Fetched 25 types.
[2026-02-08T15:53:27.069Z] API /api/asset-types called
[2026-02-08T15:53:27.071Z] Attempting to fetch AssetTypes from DB...
[2026-02-08T15:53:27.078Z] Fetched 25 types.
[2026-02-08T15:53:27.131Z] API /api/asset-types called
[2026-02-08T15:53:27.132Z] Attempting to fetch AssetTypes from DB...
[2026-02-08T15:53:27.135Z] Fetched 25 types.
[2026-02-08T15:53:49.231Z] API /api/asset-types called
[2026-02-08T15:53:49.231Z] Attempting to fetch AssetTypes from DB...
[2026-02-08T15:53:49.233Z] Fetched 25 types.
[2026-02-08T15:53:49.264Z] API /api/asset-types called
[2026-02-08T15:53:49.265Z] Attempting to fetch AssetTypes from DB...
[2026-02-08T15:53:49.267Z] Fetched 25 types.
[2026-02-08T15:56:57.350Z] API /api/asset-types called
[2026-02-08T15:56:57.350Z] Attempting to fetch AssetTypes from DB...
[2026-02-08T15:56:57.357Z] Fetched 25 types.
[2026-02-08T15:56:57.390Z] API /api/asset-types called
[2026-02-08T15:56:57.391Z] Attempting to fetch AssetTypes from DB...
[2026-02-08T15:56:57.393Z] Fetched 25 types.
[2026-02-08T15:56:57.816Z] API /api/asset-types called
[2026-02-08T15:56:57.817Z] Attempting to fetch AssetTypes from DB...
[2026-02-08T15:56:57.819Z] Fetched 25 types.
[2026-02-08T15:56:57.863Z] API /api/asset-types called
[2026-02-08T15:56:57.863Z] Attempting to fetch AssetTypes from DB...
[2026-02-08T15:56:57.866Z] Fetched 25 types.
[2026-02-08T15:57:33.471Z] API /api/asset-types called
[2026-02-08T15:57:33.473Z] Attempting to fetch AssetTypes from DB...
[2026-02-08T15:57:33.481Z] Fetched 25 types.
[2026-02-08T15:57:33.553Z] API /api/asset-types called
[2026-02-08T15:57:33.554Z] Attempting to fetch AssetTypes from DB...
[2026-02-08T15:57:33.556Z] Fetched 25 types.
[2026-02-08T16:00:44.164Z] API /api/asset-types called
[2026-02-08T16:00:44.165Z] Attempting to fetch AssetTypes from DB...
[2026-02-08T16:00:44.173Z] Fetched 25 types.
[2026-02-08T16:00:44.227Z] API /api/asset-types called
[2026-02-08T16:00:44.227Z] Attempting to fetch AssetTypes from DB...
[2026-02-08T16:00:44.231Z] Fetched 25 types.
[2026-02-08T16:00:47.346Z] API /api/asset-types called
[2026-02-08T16:00:47.346Z] Attempting to fetch AssetTypes from DB...
[2026-02-08T16:00:47.352Z] Fetched 25 types.
[2026-02-08T16:00:47.423Z] API /api/asset-types called
[2026-02-08T16:00:47.424Z] Attempting to fetch AssetTypes from DB...
[2026-02-08T16:00:47.426Z] Fetched 25 types.
[2026-02-08T16:00:51.432Z] API /api/asset-types called
[2026-02-08T16:00:51.432Z] Attempting to fetch AssetTypes from DB...
[2026-02-08T16:00:51.434Z] Fetched 25 types.
[2026-02-08T16:00:51.449Z] API /api/asset-types called
[2026-02-08T16:00:51.450Z] Attempting to fetch AssetTypes from DB...
[2026-02-08T16:00:51.451Z] Fetched 25 types.
[2026-02-08T16:23:07.797Z] API /api/asset-types called
[2026-02-08T16:23:07.798Z] Attempting to fetch AssetTypes from DB...
[2026-02-08T16:23:07.802Z] Fetched 25 types.
[2026-02-08T16:23:07.835Z] API /api/asset-types called
[2026-02-08T16:23:07.836Z] Attempting to fetch AssetTypes from DB...
[2026-02-08T16:23:07.838Z] Fetched 25 types.
[2026-02-08T16:23:10.641Z] API /api/asset-types called
[2026-02-08T16:23:10.641Z] Attempting to fetch AssetTypes from DB...
[2026-02-08T16:23:10.643Z] Fetched 25 types.
[2026-02-08T16:23:10.677Z] API /api/asset-types called
[2026-02-08T16:23:10.678Z] Attempting to fetch AssetTypes from DB...
[2026-02-08T16:23:10.681Z] Fetched 25 types.
[2026-02-08T16:23:11.265Z] API /api/asset-types called
[2026-02-08T16:23:11.266Z] Attempting to fetch AssetTypes from DB...
[2026-02-08T16:23:11.269Z] Fetched 25 types.
[2026-02-08T16:23:11.310Z] API /api/asset-types called
[2026-02-08T16:23:11.310Z] Attempting to fetch AssetTypes from DB...
[2026-02-08T16:23:11.314Z] Fetched 25 types.
[2026-02-08T16:23:18.568Z] API /api/asset-types called
[2026-02-08T16:23:18.569Z] Attempting to fetch AssetTypes from DB...
[2026-02-08T16:23:18.572Z] Fetched 25 types.
[2026-02-08T16:23:18.612Z] API /api/asset-types called
[2026-02-08T16:23:18.612Z] Attempting to fetch AssetTypes from DB...
[2026-02-08T16:23:18.615Z] Fetched 25 types.
[2026-02-08T16:23:23.016Z] API /api/asset-types called
[2026-02-08T16:23:23.017Z] Attempting to fetch AssetTypes from DB...
[2026-02-08T16:23:23.020Z] Fetched 25 types.
[2026-02-08T16:23:23.055Z] API /api/asset-types called
[2026-02-08T16:23:23.055Z] Attempting to fetch AssetTypes from DB...
[2026-02-08T16:23:23.059Z] Fetched 25 types.
[2026-02-08T16:33:32.432Z] API /api/asset-types called
[2026-02-08T16:33:32.432Z] Attempting to fetch AssetTypes from DB...
[2026-02-08T16:33:32.437Z] Fetched 25 types.
[2026-02-08T16:33:32.475Z] API /api/asset-types called
[2026-02-08T16:33:32.476Z] Attempting to fetch AssetTypes from DB...
[2026-02-08T16:33:32.478Z] Fetched 25 types.
[2026-02-08T16:33:33.364Z] API /api/asset-types called
[2026-02-08T16:33:33.365Z] Attempting to fetch AssetTypes from DB...
[2026-02-08T16:33:33.374Z] Fetched 25 types.
[2026-02-08T16:33:33.478Z] API /api/asset-types called
[2026-02-08T16:33:33.478Z] Attempting to fetch AssetTypes from DB...
[2026-02-08T16:33:33.480Z] Fetched 25 types.
[2026-02-08T18:12:48.317Z] API /api/asset-types called
[2026-02-08T18:12:48.319Z] Attempting to fetch AssetTypes from DB...
[2026-02-08T18:12:48.332Z] Fetched 25 types.
[2026-02-08T18:13:16.208Z] API /api/asset-types called
[2026-02-08T18:13:16.209Z] Attempting to fetch AssetTypes from DB...
[2026-02-08T18:13:16.214Z] Fetched 25 types.
[2026-02-08T18:13:16.274Z] API /api/asset-types called
[2026-02-08T18:13:16.275Z] Attempting to fetch AssetTypes from DB...
[2026-02-08T18:13:16.280Z] Fetched 25 types.
[2026-02-08T18:13:54.343Z] API /api/asset-types called
[2026-02-08T18:13:54.344Z] Attempting to fetch AssetTypes from DB...
[2026-02-08T18:13:54.350Z] Fetched 25 types.
[2026-02-08T18:13:54.421Z] API /api/asset-types called
[2026-02-08T18:13:54.422Z] Attempting to fetch AssetTypes from DB...
[2026-02-08T18:13:54.428Z] Fetched 25 types.
[2026-02-08T18:13:57.706Z] API /api/asset-types called
[2026-02-08T18:13:57.707Z] Attempting to fetch AssetTypes from DB...
[2026-02-08T18:13:57.715Z] Fetched 25 types.
[2026-02-08T18:13:57.785Z] API /api/asset-types called
[2026-02-08T18:13:57.787Z] Attempting to fetch AssetTypes from DB...
[2026-02-08T18:13:57.793Z] Fetched 25 types.
[2026-02-08T18:14:06.230Z] API /api/asset-types called
[2026-02-08T18:14:06.231Z] Attempting to fetch AssetTypes from DB...
[2026-02-08T18:14:06.234Z] Fetched 25 types.
[2026-02-08T18:14:06.277Z] API /api/asset-types called
[2026-02-08T18:14:06.278Z] Attempting to fetch AssetTypes from DB...
[2026-02-08T18:14:06.282Z] Fetched 25 types.
[2026-02-08T18:24:15.187Z] API /api/asset-types called
[2026-02-08T18:24:15.188Z] Attempting to fetch AssetTypes from DB...
[2026-02-08T18:24:15.274Z] Fetched 25 types.
[2026-02-08T18:24:15.345Z] API /api/asset-types called
[2026-02-08T18:24:15.346Z] Attempting to fetch AssetTypes from DB...
[2026-02-08T18:24:15.350Z] Fetched 25 types.
[2026-02-08T18:25:46.663Z] API /api/asset-types called
[2026-02-08T18:25:46.664Z] Attempting to fetch AssetTypes from DB...
[2026-02-08T18:25:46.669Z] Fetched 22 types.
[2026-02-08T18:25:46.730Z] API /api/asset-types called
[2026-02-08T18:25:46.732Z] Attempting to fetch AssetTypes from DB...
[2026-02-08T18:25:46.737Z] Fetched 22 types.
[2026-02-08T18:25:50.613Z] API /api/asset-types called
[2026-02-08T18:25:50.614Z] Attempting to fetch AssetTypes from DB...
[2026-02-08T18:25:50.618Z] Fetched 22 types.
[2026-02-08T18:25:50.682Z] API /api/asset-types called
[2026-02-08T18:25:50.683Z] Attempting to fetch AssetTypes from DB...
[2026-02-08T18:25:50.688Z] Fetched 22 types.
[2026-02-08T18:26:07.828Z] API /api/asset-types called
[2026-02-08T18:26:07.829Z] Attempting to fetch AssetTypes from DB...
[2026-02-08T18:26:07.834Z] Fetched 22 types.
[2026-02-08T18:26:07.917Z] API /api/asset-types called
[2026-02-08T18:26:07.918Z] Attempting to fetch AssetTypes from DB...
[2026-02-08T18:26:07.924Z] Fetched 22 types.
[2026-02-08T18:26:14.657Z] API /api/asset-types called
[2026-02-08T18:26:14.658Z] Attempting to fetch AssetTypes from DB...
[2026-02-08T18:26:14.663Z] Fetched 22 types.
[2026-02-08T18:26:14.747Z] API /api/asset-types called
[2026-02-08T18:26:14.748Z] Attempting to fetch AssetTypes from DB...
[2026-02-08T18:26:14.754Z] Fetched 22 types.
[2026-02-08T19:22:16.879Z] API /api/asset-types called
[2026-02-08T19:22:16.880Z] Attempting to fetch AssetTypes from DB...
[2026-02-08T19:22:16.895Z] Fetched 21 types.
[2026-02-08T19:22:17.025Z] API /api/asset-types called
[2026-02-08T19:22:17.028Z] Attempting to fetch AssetTypes from DB...
[2026-02-08T19:22:17.040Z] Fetched 21 types.
[2026-02-08T19:22:33.934Z] API /api/asset-types called
[2026-02-08T19:22:33.934Z] Attempting to fetch AssetTypes from DB...
[2026-02-08T19:22:33.941Z] Fetched 21 types.
[2026-02-08T19:22:48.623Z] API /api/asset-types called
[2026-02-08T19:22:48.625Z] Attempting to fetch AssetTypes from DB...
[2026-02-08T19:22:48.637Z] Fetched 21 types.
[2026-02-08T19:22:48.681Z] API /api/asset-types called
[2026-02-08T19:22:48.682Z] Attempting to fetch AssetTypes from DB...
[2026-02-08T19:22:48.686Z] Fetched 21 types.
[2026-02-08T19:22:50.459Z] API /api/asset-types called
[2026-02-08T19:22:50.461Z] Attempting to fetch AssetTypes from DB...
[2026-02-08T19:22:50.473Z] Fetched 21 types.
[2026-02-08T19:22:50.594Z] API /api/asset-types called
[2026-02-08T19:22:50.597Z] Attempting to fetch AssetTypes from DB...
[2026-02-08T19:22:50.608Z] Fetched 21 types.
[2026-02-08T19:22:53.492Z] API /api/asset-types called
[2026-02-08T19:22:53.493Z] Attempting to fetch AssetTypes from DB...
[2026-02-08T19:22:53.498Z] Fetched 21 types.
[2026-02-08T19:22:53.554Z] API /api/asset-types called
[2026-02-08T19:22:53.555Z] Attempting to fetch AssetTypes from DB...
[2026-02-08T19:22:53.560Z] Fetched 21 types.
[2026-02-08T19:33:43.855Z] API /api/asset-types called
[2026-02-08T19:33:43.856Z] Attempting to fetch AssetTypes from DB...
[2026-02-08T19:33:43.866Z] Fetched 21 types.
[2026-02-08T19:33:43.914Z] API /api/asset-types called
[2026-02-08T19:33:43.915Z] Attempting to fetch AssetTypes from DB...
[2026-02-08T19:33:43.919Z] Fetched 21 types.
[2026-02-08T19:33:56.226Z] API /api/asset-types called
[2026-02-08T19:33:56.227Z] Attempting to fetch AssetTypes from DB...
[2026-02-08T19:33:56.236Z] Fetched 21 types.
[2026-02-08T19:33:56.281Z] API /api/asset-types called
[2026-02-08T19:33:56.282Z] Attempting to fetch AssetTypes from DB...
[2026-02-08T19:33:56.286Z] Fetched 21 types.
[2026-02-08T19:34:33.435Z] API /api/asset-types called
[2026-02-08T19:34:33.436Z] Attempting to fetch AssetTypes from DB...
[2026-02-08T19:34:33.441Z] Fetched 21 types.
[2026-02-08T19:34:33.488Z] API /api/asset-types called
[2026-02-08T19:34:33.489Z] Attempting to fetch AssetTypes from DB...
[2026-02-08T19:34:33.493Z] Fetched 21 types.
[2026-02-08T19:34:53.652Z] API /api/asset-types called
[2026-02-08T19:34:53.654Z] Attempting to fetch AssetTypes from DB...
[2026-02-08T19:34:53.657Z] Fetched 21 types.
[2026-02-08T19:34:53.692Z] API /api/asset-types called
[2026-02-08T19:34:53.693Z] Attempting to fetch AssetTypes from DB...
[2026-02-08T19:34:53.696Z] Fetched 21 types.
[2026-02-08T19:37:31.550Z] API /api/asset-types called
[2026-02-08T19:37:31.552Z] Attempting to fetch AssetTypes from DB...
[2026-02-08T19:37:31.557Z] Fetched 21 types.
[2026-02-08T19:37:31.614Z] API /api/asset-types called
[2026-02-08T19:37:31.616Z] Attempting to fetch AssetTypes from DB...
[2026-02-08T19:37:31.621Z] Fetched 21 types.
[2026-02-08T19:37:38.139Z] API /api/asset-types called
[2026-02-08T19:37:38.140Z] Attempting to fetch AssetTypes from DB...
[2026-02-08T19:37:38.145Z] Fetched 21 types.
[2026-02-08T19:37:38.200Z] API /api/asset-types called
[2026-02-08T19:37:38.202Z] Attempting to fetch AssetTypes from DB...
[2026-02-08T19:37:38.206Z] Fetched 21 types.
[2026-02-08T19:37:44.094Z] API /api/asset-types called
[2026-02-08T19:37:44.095Z] Attempting to fetch AssetTypes from DB...
[2026-02-08T19:37:44.101Z] Fetched 21 types.
[2026-02-08T19:37:44.166Z] API /api/asset-types called
[2026-02-08T19:37:44.167Z] Attempting to fetch AssetTypes from DB...
[2026-02-08T19:37:44.173Z] Fetched 21 types.
[2026-02-08T19:37:45.389Z] API /api/asset-types called
[2026-02-08T19:37:45.390Z] Attempting to fetch AssetTypes from DB...
[2026-02-08T19:37:45.394Z] Fetched 21 types.
[2026-02-08T19:37:45.455Z] API /api/asset-types called
[2026-02-08T19:37:45.456Z] Attempting to fetch AssetTypes from DB...
[2026-02-08T19:37:45.461Z] Fetched 21 types.
[2026-02-08T19:39:59.010Z] API /api/asset-types called
[2026-02-08T19:39:59.011Z] Attempting to fetch AssetTypes from DB...
[2026-02-08T19:39:59.020Z] Fetched 21 types.
[2026-02-08T19:39:59.072Z] API /api/asset-types called
[2026-02-08T19:39:59.073Z] Attempting to fetch AssetTypes from DB...
[2026-02-08T19:39:59.078Z] Fetched 21 types.
[2026-02-08T19:40:00.441Z] API /api/asset-types called
[2026-02-08T19:40:00.442Z] Attempting to fetch AssetTypes from DB...
[2026-02-08T19:40:00.445Z] Fetched 21 types.
[2026-02-08T19:40:00.491Z] API /api/asset-types called
[2026-02-08T19:40:00.492Z] Attempting to fetch AssetTypes from DB...
[2026-02-08T19:40:00.496Z] Fetched 21 types.
[2026-02-08T19:40:18.866Z] API /api/asset-types called
[2026-02-08T19:40:18.867Z] Attempting to fetch AssetTypes from DB...
[2026-02-08T19:40:18.872Z] Fetched 21 types.
[2026-02-08T19:40:18.916Z] API /api/asset-types called
[2026-02-08T19:40:18.918Z] Attempting to fetch AssetTypes from DB...
[2026-02-08T19:40:18.922Z] Fetched 21 types.
[2026-02-08T19:40:19.998Z] API /api/asset-types called
[2026-02-08T19:40:20.000Z] Attempting to fetch AssetTypes from DB...
[2026-02-08T19:40:20.004Z] Fetched 21 types.
[2026-02-08T19:40:20.053Z] API /api/asset-types called
[2026-02-08T19:40:20.054Z] Attempting to fetch AssetTypes from DB...
[2026-02-08T19:40:20.059Z] Fetched 21 types.
[2026-02-08T19:40:21.062Z] API /api/asset-types called
[2026-02-08T19:40:21.063Z] Attempting to fetch AssetTypes from DB...
[2026-02-08T19:40:21.068Z] Fetched 21 types.
[2026-02-08T19:40:21.121Z] API /api/asset-types called
[2026-02-08T19:40:21.122Z] Attempting to fetch AssetTypes from DB...
[2026-02-08T19:40:21.128Z] Fetched 21 types.
[2026-02-08T19:40:26.732Z] API /api/asset-types called
[2026-02-08T19:40:26.733Z] Attempting to fetch AssetTypes from DB...
[2026-02-08T19:40:26.737Z] Fetched 21 types.
[2026-02-08T19:40:26.787Z] API /api/asset-types called
[2026-02-08T19:40:26.788Z] Attempting to fetch AssetTypes from DB...
[2026-02-08T19:40:26.793Z] Fetched 21 types.
[2026-02-08T19:40:27.899Z] API /api/asset-types called
[2026-02-08T19:40:27.900Z] Attempting to fetch AssetTypes from DB...
[2026-02-08T19:40:27.904Z] Fetched 21 types.
[2026-02-08T19:40:27.955Z] API /api/asset-types called
[2026-02-08T19:40:27.956Z] Attempting to fetch AssetTypes from DB...
[2026-02-08T19:40:27.961Z] Fetched 21 types.
[2026-02-08T19:40:29.455Z] API /api/asset-types called
[2026-02-08T19:40:29.456Z] Attempting to fetch AssetTypes from DB...
[2026-02-08T19:40:29.463Z] Fetched 21 types.
[2026-02-08T19:40:29.524Z] API /api/asset-types called
[2026-02-08T19:40:29.525Z] Attempting to fetch AssetTypes from DB...
[2026-02-08T19:40:29.531Z] Fetched 21 types.
[2026-02-08T19:40:32.895Z] API /api/asset-types called
[2026-02-08T19:40:32.896Z] Attempting to fetch AssetTypes from DB...
[2026-02-08T19:40:32.901Z] Fetched 21 types.
[2026-02-08T19:40:32.953Z] API /api/asset-types called
[2026-02-08T19:40:32.954Z] Attempting to fetch AssetTypes from DB...
[2026-02-08T19:40:32.959Z] Fetched 21 types.
[2026-02-08T19:41:49.746Z] API /api/asset-types called
[2026-02-08T19:41:49.747Z] Attempting to fetch AssetTypes from DB...
[2026-02-08T19:41:49.752Z] Fetched 21 types.
[2026-02-08T19:41:49.806Z] API /api/asset-types called
[2026-02-08T19:41:49.808Z] Attempting to fetch AssetTypes from DB...
[2026-02-08T19:41:49.813Z] Fetched 21 types.
[2026-02-08T19:42:04.238Z] API /api/asset-types called
[2026-02-08T19:42:04.239Z] Attempting to fetch AssetTypes from DB...
[2026-02-08T19:42:04.243Z] Fetched 22 types.
[2026-02-08T19:42:17.104Z] API /api/asset-types called
[2026-02-08T19:42:17.105Z] Attempting to fetch AssetTypes from DB...
[2026-02-08T19:42:17.109Z] Fetched 22 types.
[2026-02-08T19:42:17.159Z] API /api/asset-types called
[2026-02-08T19:42:17.161Z] Attempting to fetch AssetTypes from DB...
[2026-02-08T19:42:17.168Z] Fetched 22 types.
[2026-02-08T19:49:44.324Z] API /api/asset-types called
[2026-02-08T19:49:44.325Z] Attempting to fetch AssetTypes from DB...
[2026-02-08T19:49:44.336Z] Fetched 21 types.
[2026-02-08T19:49:44.393Z] API /api/asset-types called
[2026-02-08T19:49:44.394Z] Attempting to fetch AssetTypes from DB...
[2026-02-08T19:49:44.399Z] Fetched 21 types.
[2026-02-08T19:52:29.457Z] API /api/asset-types called
[2026-02-08T19:52:29.459Z] Attempting to fetch AssetTypes from DB...
[2026-02-08T19:52:29.464Z] Fetched 21 types.
[2026-02-08T19:52:29.544Z] API /api/asset-types called
[2026-02-08T19:52:29.545Z] Attempting to fetch AssetTypes from DB...
[2026-02-08T19:52:29.551Z] Fetched 21 types.
[2026-02-08T20:11:55.314Z] API /api/asset-types called
[2026-02-08T20:11:55.317Z] Attempting to fetch AssetTypes from DB...
[2026-02-08T20:11:55.333Z] Fetched 21 types.
[2026-02-08T20:11:55.416Z] API /api/asset-types called
[2026-02-08T20:11:55.417Z] Attempting to fetch AssetTypes from DB...
[2026-02-08T20:11:55.422Z] Fetched 21 types.
[2026-02-08T20:13:10.946Z] API /api/asset-types called
[2026-02-08T20:13:10.948Z] Attempting to fetch AssetTypes from DB...
[2026-02-08T20:13:10.956Z] Fetched 21 types.
[2026-02-08T20:13:11.006Z] API /api/asset-types called
[2026-02-08T20:13:11.007Z] Attempting to fetch AssetTypes from DB...
[2026-02-08T20:13:11.011Z] Fetched 21 types.
[2026-02-08T20:13:18.538Z] API /api/asset-types called
[2026-02-08T20:13:18.539Z] Attempting to fetch AssetTypes from DB...
[2026-02-08T20:13:18.550Z] Fetched 21 types.
[2026-02-08T20:13:18.610Z] API /api/asset-types called
[2026-02-08T20:13:18.611Z] Attempting to fetch AssetTypes from DB...
[2026-02-08T20:13:18.616Z] Fetched 21 types.
[2026-02-08T20:14:51.917Z] API /api/asset-types called
[2026-02-08T20:14:51.917Z] Attempting to fetch AssetTypes from DB...
[2026-02-08T20:14:51.925Z] Fetched 21 types.
[2026-02-08T20:14:51.997Z] API /api/asset-types called
[2026-02-08T20:14:51.998Z] Attempting to fetch AssetTypes from DB...
[2026-02-08T20:14:52.003Z] Fetched 21 types.
[2026-02-08T20:14:54.172Z] API /api/asset-types called
[2026-02-08T20:14:54.172Z] Attempting to fetch AssetTypes from DB...
[2026-02-08T20:14:54.177Z] Fetched 21 types.
[2026-02-08T20:14:54.226Z] API /api/asset-types called
[2026-02-08T20:14:54.227Z] Attempting to fetch AssetTypes from DB...
[2026-02-08T20:14:54.231Z] Fetched 21 types.
[2026-02-08T20:14:58.946Z] API /api/asset-types called
[2026-02-08T20:14:58.947Z] Attempting to fetch AssetTypes from DB...
[2026-02-08T20:14:58.953Z] Fetched 21 types.
[2026-02-08T20:14:59.031Z] API /api/asset-types called
[2026-02-08T20:14:59.032Z] Attempting to fetch AssetTypes from DB...
[2026-02-08T20:14:59.038Z] Fetched 21 types.
[2026-02-08T20:15:12.096Z] API /api/asset-types called
[2026-02-08T20:15:12.097Z] Attempting to fetch AssetTypes from DB...
[2026-02-08T20:15:12.101Z] Fetched 21 types.
[2026-02-08T20:15:12.182Z] API /api/asset-types called
[2026-02-08T20:15:12.184Z] Attempting to fetch AssetTypes from DB...
[2026-02-08T20:15:12.191Z] Fetched 21 types.
[2026-02-08T20:15:17.950Z] API /api/asset-types called
[2026-02-08T20:15:17.951Z] Attempting to fetch AssetTypes from DB...
[2026-02-08T20:15:17.956Z] Fetched 21 types.
[2026-02-08T20:15:18.022Z] API /api/asset-types called
[2026-02-08T20:15:18.023Z] Attempting to fetch AssetTypes from DB...
[2026-02-08T20:15:18.027Z] Fetched 21 types.
[2026-02-08T20:15:58.105Z] API /api/asset-types called
[2026-02-08T20:15:58.107Z] Attempting to fetch AssetTypes from DB...
[2026-02-08T20:15:58.113Z] Fetched 21 types.
[2026-02-08T20:15:58.173Z] API /api/asset-types called
[2026-02-08T20:15:58.174Z] Attempting to fetch AssetTypes from DB...
[2026-02-08T20:15:58.179Z] Fetched 21 types.
[2026-02-08T20:21:33.068Z] API /api/asset-types called
[2026-02-08T20:21:33.069Z] Attempting to fetch AssetTypes from DB...
[2026-02-08T20:21:33.083Z] Fetched 21 types.
[2026-02-08T20:21:35.115Z] API /api/asset-types called
[2026-02-08T20:21:35.116Z] Attempting to fetch AssetTypes from DB...
[2026-02-08T20:21:35.124Z] Fetched 21 types.
[2026-02-08T20:21:35.296Z] API /api/asset-types called
[2026-02-08T20:21:35.296Z] Attempting to fetch AssetTypes from DB...
[2026-02-08T20:21:35.300Z] Fetched 21 types.
[2026-02-08T20:21:35.354Z] API /api/asset-types called
[2026-02-08T20:21:35.355Z] Attempting to fetch AssetTypes from DB...
[2026-02-08T20:21:35.359Z] Fetched 21 types.
[2026-02-08T20:27:14.597Z] API /api/asset-types called
[2026-02-08T20:27:14.598Z] Attempting to fetch AssetTypes from DB...
[2026-02-08T20:27:14.621Z] Fetched 21 types.
[2026-02-08T20:27:15.926Z] API /api/asset-types called
[2026-02-08T20:27:15.927Z] Attempting to fetch AssetTypes from DB...
[2026-02-08T20:27:15.931Z] Fetched 21 types.
[2026-02-08T20:27:15.972Z] API /api/asset-types called
[2026-02-08T20:27:15.973Z] Attempting to fetch AssetTypes from DB...
[2026-02-08T20:27:15.977Z] Fetched 21 types.
[2026-02-08T20:28:27.908Z] API /api/asset-types called
[2026-02-08T20:28:27.909Z] Attempting to fetch AssetTypes from DB...
[2026-02-08T20:28:27.915Z] Fetched 21 types.
[2026-02-08T20:28:27.964Z] API /api/asset-types called
[2026-02-08T20:28:27.965Z] Attempting to fetch AssetTypes from DB...
[2026-02-08T20:28:27.970Z] Fetched 21 types.
[2026-02-08T20:28:30.241Z] API /api/asset-types called
[2026-02-08T20:28:30.242Z] Attempting to fetch AssetTypes from DB...
[2026-02-08T20:28:30.249Z] Fetched 21 types.
[2026-02-08T20:28:30.339Z] API /api/asset-types called
[2026-02-08T20:28:30.340Z] Attempting to fetch AssetTypes from DB...
[2026-02-08T20:28:30.347Z] Fetched 21 types.
[2026-02-08T20:30:11.614Z] API /api/asset-types called
[2026-02-08T20:30:11.615Z] Attempting to fetch AssetTypes from DB...
[2026-02-08T20:30:11.625Z] Fetched 21 types.
[2026-02-08T20:30:11.692Z] API /api/asset-types called
[2026-02-08T20:30:11.693Z] Attempting to fetch AssetTypes from DB...
[2026-02-08T20:30:11.697Z] Fetched 21 types.
[2026-02-08T21:11:19.385Z] API /api/asset-types called
[2026-02-08T21:11:19.386Z] Attempting to fetch AssetTypes from DB...
[2026-02-08T21:11:19.391Z] Fetched 21 types.
[2026-02-08T21:11:19.419Z] API /api/asset-types called
[2026-02-08T21:11:19.419Z] Attempting to fetch AssetTypes from DB...
[2026-02-08T21:11:19.421Z] Fetched 21 types.
[2026-02-08T21:20:31.793Z] API /api/asset-types called
[2026-02-08T21:20:31.794Z] Attempting to fetch AssetTypes from DB...
[2026-02-08T21:20:31.808Z] Fetched 21 types.
[2026-02-08T21:20:31.897Z] API /api/asset-types called
[2026-02-08T21:20:31.899Z] Attempting to fetch AssetTypes from DB...
[2026-02-08T21:20:31.907Z] Fetched 21 types.
[2026-02-08T21:20:39.484Z] API /api/asset-types called
[2026-02-08T21:20:39.484Z] Attempting to fetch AssetTypes from DB...
[2026-02-08T21:20:39.486Z] Fetched 21 types.
[2026-02-08T21:20:39.504Z] API /api/asset-types called
[2026-02-08T21:20:39.504Z] Attempting to fetch AssetTypes from DB...
[2026-02-08T21:20:39.506Z] Fetched 21 types.
[2026-02-08T21:20:44.212Z] API /api/asset-types called
[2026-02-08T21:20:44.213Z] Attempting to fetch AssetTypes from DB...
[2026-02-08T21:20:44.214Z] Fetched 21 types.
[2026-02-08T21:20:44.238Z] API /api/asset-types called
[2026-02-08T21:20:44.238Z] Attempting to fetch AssetTypes from DB...
[2026-02-08T21:20:44.240Z] Fetched 21 types.
[2026-02-08T21:21:25.780Z] API /api/asset-types called
[2026-02-08T21:21:25.781Z] Attempting to fetch AssetTypes from DB...
[2026-02-08T21:21:25.785Z] Fetched 21 types.
[2026-02-08T21:21:25.842Z] API /api/asset-types called
[2026-02-08T21:21:25.843Z] Attempting to fetch AssetTypes from DB...
[2026-02-08T21:21:25.846Z] Fetched 21 types.
[2026-02-08T21:21:47.818Z] API /api/asset-types called
[2026-02-08T21:21:47.818Z] Attempting to fetch AssetTypes from DB...
[2026-02-08T21:21:47.820Z] Fetched 21 types.
[2026-02-08T21:21:47.848Z] API /api/asset-types called
[2026-02-08T21:21:47.849Z] Attempting to fetch AssetTypes from DB...
[2026-02-08T21:21:47.851Z] Fetched 21 types.
[2026-02-08T21:21:53.251Z] API /api/asset-types called
[2026-02-08T21:21:53.252Z] Attempting to fetch AssetTypes from DB...
[2026-02-08T21:21:53.254Z] Fetched 21 types.
[2026-02-08T21:21:53.286Z] API /api/asset-types called
[2026-02-08T21:21:53.287Z] Attempting to fetch AssetTypes from DB...
[2026-02-08T21:21:53.289Z] Fetched 21 types.
[2026-02-08T21:21:58.061Z] API /api/asset-types called
[2026-02-08T21:21:58.062Z] Attempting to fetch AssetTypes from DB...
[2026-02-08T21:21:58.065Z] Fetched 21 types.
[2026-02-08T21:21:58.131Z] API /api/asset-types called
[2026-02-08T21:21:58.132Z] Attempting to fetch AssetTypes from DB...
[2026-02-08T21:21:58.134Z] Fetched 21 types.
[2026-02-08T21:25:43.950Z] API /api/asset-types called
[2026-02-08T21:25:43.951Z] Attempting to fetch AssetTypes from DB...
[2026-02-08T21:25:43.957Z] Fetched 21 types.
[2026-02-08T21:25:43.997Z] API /api/asset-types called
[2026-02-08T21:25:43.998Z] Attempting to fetch AssetTypes from DB...
[2026-02-08T21:25:44.000Z] Fetched 21 types.
[2026-02-08T21:25:45.418Z] API /api/asset-types called
[2026-02-08T21:25:45.419Z] Attempting to fetch AssetTypes from DB...
[2026-02-08T21:25:45.428Z] Fetched 21 types.
[2026-02-08T21:25:45.523Z] API /api/asset-types called
[2026-02-08T21:25:45.523Z] Attempting to fetch AssetTypes from DB...
[2026-02-08T21:25:45.530Z] Fetched 21 types.
[2026-02-08T21:25:48.471Z] API /api/asset-types called
[2026-02-08T21:25:48.471Z] Attempting to fetch AssetTypes from DB...
[2026-02-08T21:25:48.475Z] Fetched 21 types.
[2026-02-08T21:25:48.510Z] API /api/asset-types called
[2026-02-08T21:25:48.511Z] Attempting to fetch AssetTypes from DB...
[2026-02-08T21:25:48.512Z] Fetched 21 types.
[2026-02-08T21:26:33.102Z] API /api/asset-types called
[2026-02-08T21:26:33.103Z] Attempting to fetch AssetTypes from DB...
[2026-02-08T21:26:33.105Z] Fetched 21 types.
[2026-02-08T21:26:33.140Z] API /api/asset-types called
[2026-02-08T21:26:33.141Z] Attempting to fetch AssetTypes from DB...
[2026-02-08T21:26:33.143Z] Fetched 21 types.
[2026-02-08T21:26:44.820Z] API /api/asset-types called
[2026-02-08T21:26:44.821Z] Attempting to fetch AssetTypes from DB...
[2026-02-08T21:26:44.826Z] Fetched 21 types.
[2026-02-08T21:26:44.876Z] API /api/asset-types called
[2026-02-08T21:26:44.877Z] Attempting to fetch AssetTypes from DB...
[2026-02-08T21:26:44.881Z] Fetched 21 types.
[2026-02-08T21:26:48.656Z] API /api/asset-types called
[2026-02-08T21:26:48.657Z] Attempting to fetch AssetTypes from DB...
[2026-02-08T21:26:48.659Z] Fetched 21 types.
[2026-02-08T21:26:48.682Z] API /api/asset-types called
[2026-02-08T21:26:48.682Z] Attempting to fetch AssetTypes from DB...
[2026-02-08T21:26:48.684Z] Fetched 21 types.
[2026-02-08T21:32:25.021Z] API /api/asset-types called
[2026-02-08T21:32:25.022Z] Attempting to fetch AssetTypes from DB...
[2026-02-08T21:32:25.029Z] Fetched 21 types.
[2026-02-08T21:32:25.074Z] API /api/asset-types called
[2026-02-08T21:32:25.074Z] Attempting to fetch AssetTypes from DB...
[2026-02-08T21:32:25.079Z] Fetched 21 types.
[2026-02-08T21:32:26.865Z] API /api/asset-types called
[2026-02-08T21:32:26.866Z] Attempting to fetch AssetTypes from DB...
[2026-02-08T21:32:26.870Z] Fetched 21 types.
[2026-02-08T21:32:26.901Z] API /api/asset-types called
[2026-02-08T21:32:26.901Z] Attempting to fetch AssetTypes from DB...
[2026-02-08T21:32:26.905Z] Fetched 21 types.
[2026-02-08T21:46:37.071Z] API /api/asset-types called
[2026-02-08T21:46:37.074Z] Attempting to fetch AssetTypes from DB...
[2026-02-08T21:46:37.087Z] Fetched 21 types.
[2026-02-08T21:46:37.133Z] API /api/asset-types called
[2026-02-08T21:46:37.134Z] Attempting to fetch AssetTypes from DB...
[2026-02-08T21:46:37.137Z] Fetched 21 types.
[2026-02-08T21:46:40.577Z] API /api/asset-types called
[2026-02-08T21:46:40.577Z] Attempting to fetch AssetTypes from DB...
[2026-02-08T21:46:40.579Z] Fetched 21 types.
[2026-02-08T21:46:40.602Z] API /api/asset-types called
[2026-02-08T21:46:40.602Z] Attempting to fetch AssetTypes from DB...
[2026-02-08T21:46:40.604Z] Fetched 21 types.
[2026-02-08T21:46:59.088Z] API /api/asset-types called
[2026-02-08T21:46:59.089Z] Attempting to fetch AssetTypes from DB...
[2026-02-08T21:46:59.094Z] Fetched 21 types.
[2026-02-08T21:46:59.137Z] API /api/asset-types called
[2026-02-08T21:46:59.138Z] Attempting to fetch AssetTypes from DB...
[2026-02-08T21:46:59.141Z] Fetched 21 types.
[2026-02-08T21:47:58.021Z] API /api/asset-types called
[2026-02-08T21:47:58.022Z] Attempting to fetch AssetTypes from DB...
[2026-02-08T21:47:58.031Z] Fetched 21 types.
[2026-02-08T21:47:58.117Z] API /api/asset-types called
[2026-02-08T21:47:58.119Z] Attempting to fetch AssetTypes from DB...
[2026-02-08T21:47:58.124Z] Fetched 21 types.
[2026-02-08T21:47:59.781Z] API /api/asset-types called
[2026-02-08T21:47:59.781Z] Attempting to fetch AssetTypes from DB...
[2026-02-08T21:47:59.785Z] Fetched 21 types.
[2026-02-08T21:47:59.829Z] API /api/asset-types called
[2026-02-08T21:47:59.829Z] Attempting to fetch AssetTypes from DB...
[2026-02-08T21:47:59.831Z] Fetched 21 types.
[2026-02-08T21:51:30.164Z] API /api/asset-types called
[2026-02-08T21:51:30.164Z] Attempting to fetch AssetTypes from DB...
[2026-02-08T21:51:30.170Z] Fetched 21 types.
[2026-02-08T21:51:30.200Z] API /api/asset-types called
[2026-02-08T21:51:30.200Z] Attempting to fetch AssetTypes from DB...
[2026-02-08T21:51:30.202Z] Fetched 21 types.
[2026-02-08T21:52:54.523Z] API /api/asset-types called
[2026-02-08T21:52:54.524Z] Attempting to fetch AssetTypes from DB...
[2026-02-08T21:52:54.532Z] Fetched 21 types.
[2026-02-08T21:52:54.592Z] API /api/asset-types called
[2026-02-08T21:52:54.592Z] Attempting to fetch AssetTypes from DB...
[2026-02-08T21:52:54.594Z] Fetched 21 types.
[2026-02-08T21:52:56.019Z] API /api/asset-types called
[2026-02-08T21:52:56.019Z] Attempting to fetch AssetTypes from DB...
[2026-02-08T21:52:56.021Z] Fetched 21 types.
[2026-02-08T21:52:56.052Z] API /api/asset-types called
[2026-02-08T21:52:56.053Z] Attempting to fetch AssetTypes from DB...
[2026-02-08T21:52:56.055Z] Fetched 21 types.
[2026-02-08T22:10:14.083Z] API /api/asset-types called
[2026-02-08T22:10:14.083Z] Attempting to fetch AssetTypes from DB...
[2026-02-08T22:10:14.087Z] Fetched 21 types.
[2026-02-08T22:10:14.105Z] API /api/asset-types called
[2026-02-08T22:10:14.105Z] Attempting to fetch AssetTypes from DB...
[2026-02-08T22:10:14.108Z] Fetched 21 types.
[2026-02-08T22:10:15.781Z] API /api/asset-types called
[2026-02-08T22:10:15.782Z] Attempting to fetch AssetTypes from DB...
[2026-02-08T22:10:15.787Z] Fetched 21 types.
[2026-02-08T22:10:15.836Z] API /api/asset-types called
[2026-02-08T22:10:15.837Z] Attempting to fetch AssetTypes from DB...
[2026-02-08T22:10:15.843Z] Fetched 21 types.
[2026-02-08T22:11:11.231Z] API /api/asset-types called
[2026-02-08T22:11:11.231Z] Attempting to fetch AssetTypes from DB...
[2026-02-08T22:11:11.234Z] Fetched 21 types.
[2026-02-08T22:11:11.254Z] API /api/asset-types called
[2026-02-08T22:11:11.255Z] Attempting to fetch AssetTypes from DB...
[2026-02-08T22:11:11.256Z] Fetched 21 types.
[2026-02-08T22:11:57.908Z] API /api/asset-types called
[2026-02-08T22:11:57.909Z] Attempting to fetch AssetTypes from DB...
[2026-02-08T22:11:57.912Z] Fetched 21 types.
[2026-02-08T22:11:57.942Z] API /api/asset-types called
[2026-02-08T22:11:57.942Z] Attempting to fetch AssetTypes from DB...
[2026-02-08T22:11:57.945Z] Fetched 21 types.
[2026-02-08T22:12:01.507Z] API /api/asset-types called
[2026-02-08T22:12:01.507Z] Attempting to fetch AssetTypes from DB...
[2026-02-08T22:12:01.511Z] Fetched 21 types.
[2026-02-08T22:12:01.582Z] API /api/asset-types called
[2026-02-08T22:12:01.583Z] Attempting to fetch AssetTypes from DB...
[2026-02-08T22:12:01.586Z] Fetched 21 types.
[2026-02-09T07:41:07.147Z] API /api/asset-types called
[2026-02-09T07:41:07.149Z] Attempting to fetch AssetTypes from DB...
[2026-02-09T07:41:07.160Z] Fetched 21 types.
[2026-02-09T07:41:07.233Z] API /api/asset-types called
[2026-02-09T07:41:07.234Z] Attempting to fetch AssetTypes from DB...
[2026-02-09T07:41:07.239Z] Fetched 21 types.
[2026-02-09T07:41:40.518Z] API /api/asset-types called
[2026-02-09T07:41:40.519Z] Attempting to fetch AssetTypes from DB...
[2026-02-09T07:41:40.526Z] Fetched 21 types.
[2026-02-09T07:41:40.590Z] API /api/asset-types called
[2026-02-09T07:41:40.591Z] Attempting to fetch AssetTypes from DB...
[2026-02-09T07:41:40.596Z] Fetched 21 types.
[2026-02-09T07:42:00.699Z] API /api/asset-types called
[2026-02-09T07:42:00.700Z] Attempting to fetch AssetTypes from DB...
[2026-02-09T07:42:00.704Z] Fetched 21 types.
[2026-02-09T07:42:00.759Z] API /api/asset-types called
[2026-02-09T07:42:00.761Z] Attempting to fetch AssetTypes from DB...
[2026-02-09T07:42:00.766Z] Fetched 21 types.
[2026-02-09T08:31:39.797Z] API /api/asset-types called
[2026-02-09T08:31:39.799Z] Attempting to fetch AssetTypes from DB...
[2026-02-09T08:31:39.817Z] Fetched 0 types.
[2026-02-09T08:31:39.818Z] Types empty. Seeding defaults...
[2026-02-09T08:31:39.847Z] Seeding complete. New count: 25
[2026-02-09T08:31:39.941Z] API /api/asset-types called
[2026-02-09T08:31:39.943Z] Attempting to fetch AssetTypes from DB...
[2026-02-09T08:31:39.948Z] Fetched 25 types.
[2026-02-09T08:32:09.068Z] API /api/asset-types called
[2026-02-09T08:32:09.069Z] Attempting to fetch AssetTypes from DB...
[2026-02-09T08:32:09.074Z] Fetched 26 types.
[2026-02-09T08:32:48.099Z] API /api/asset-types called
[2026-02-09T08:32:48.100Z] Attempting to fetch AssetTypes from DB...
[2026-02-09T08:32:48.110Z] Fetched 27 types.
[2026-02-09T09:44:26.572Z] API /api/asset-types called
[2026-02-09T09:44:26.575Z] Attempting to fetch AssetTypes from DB...
[2026-02-09T09:44:26.597Z] Fetched 27 types.
[2026-02-09T09:44:26.719Z] API /api/asset-types called
[2026-02-09T09:44:26.720Z] Attempting to fetch AssetTypes from DB...
[2026-02-09T09:44:26.726Z] Fetched 27 types.
[2026-02-09T09:45:11.111Z] API /api/asset-types called
[2026-02-09T09:45:11.112Z] Attempting to fetch AssetTypes from DB...
[2026-02-09T09:45:11.120Z] Fetched 27 types.
[2026-02-09T09:45:11.201Z] API /api/asset-types called
[2026-02-09T09:45:11.201Z] Attempting to fetch AssetTypes from DB...
[2026-02-09T09:45:11.208Z] Fetched 27 types.
[2026-02-09T10:07:59.959Z] API /api/asset-types called
[2026-02-09T10:07:59.960Z] Attempting to fetch AssetTypes from DB...
[2026-02-09T10:07:59.971Z] Fetched 27 types.
[2026-02-09T10:08:00.062Z] API /api/asset-types called
[2026-02-09T10:08:00.064Z] Attempting to fetch AssetTypes from DB...
[2026-02-09T10:08:00.068Z] Fetched 27 types.
[2026-02-09T10:08:41.590Z] API /api/asset-types called
[2026-02-09T10:08:41.591Z] Attempting to fetch AssetTypes from DB...
[2026-02-09T10:08:41.596Z] Fetched 27 types.
[2026-02-09T10:08:41.656Z] API /api/asset-types called
[2026-02-09T10:08:41.657Z] Attempting to fetch AssetTypes from DB...
[2026-02-09T10:08:41.661Z] Fetched 27 types.
[2026-02-09T10:08:45.079Z] API /api/asset-types called
[2026-02-09T10:08:45.081Z] Attempting to fetch AssetTypes from DB...
[2026-02-09T10:08:45.091Z] Fetched 27 types.
[2026-02-09T10:08:45.215Z] API /api/asset-types called
[2026-02-09T10:08:45.217Z] Attempting to fetch AssetTypes from DB...
[2026-02-09T10:08:45.224Z] Fetched 27 types.
[2026-02-09T10:08:52.862Z] API /api/asset-types called
[2026-02-09T10:08:52.864Z] Attempting to fetch AssetTypes from DB...
[2026-02-09T10:08:52.868Z] Fetched 27 types.
[2026-02-09T10:08:52.966Z] API /api/asset-types called
[2026-02-09T10:08:52.967Z] Attempting to fetch AssetTypes from DB...
[2026-02-09T10:08:52.972Z] Fetched 27 types.
[2026-02-09T11:26:00.945Z] API /api/asset-types called
[2026-02-09T11:26:00.946Z] Attempting to fetch AssetTypes from DB...
[2026-02-09T11:26:00.954Z] Fetched 27 types.
[2026-02-09T11:26:00.984Z] API /api/asset-types called
[2026-02-09T11:26:00.984Z] Attempting to fetch AssetTypes from DB...
[2026-02-09T11:26:00.988Z] Fetched 27 types.
[2026-02-09T11:26:03.153Z] API /api/asset-types called
[2026-02-09T11:26:03.158Z] Attempting to fetch AssetTypes from DB...
[2026-02-09T11:26:03.164Z] Fetched 27 types.
[2026-02-09T11:26:03.199Z] API /api/asset-types called
[2026-02-09T11:26:03.200Z] Attempting to fetch AssetTypes from DB...
[2026-02-09T11:26:03.204Z] Fetched 27 types.
[2026-02-09T11:26:20.016Z] API /api/asset-types called
[2026-02-09T11:26:20.017Z] Attempting to fetch AssetTypes from DB...
[2026-02-09T11:26:20.022Z] Fetched 27 types.
[2026-02-09T11:26:20.058Z] API /api/asset-types called
[2026-02-09T11:26:20.060Z] Attempting to fetch AssetTypes from DB...
[2026-02-09T11:26:20.063Z] Fetched 27 types.
[2026-02-09T11:26:50.431Z] API /api/asset-types called
[2026-02-09T11:26:50.433Z] Attempting to fetch AssetTypes from DB...
[2026-02-09T11:26:50.440Z] Fetched 27 types.
[2026-02-09T11:26:50.477Z] API /api/asset-types called
[2026-02-09T11:26:50.478Z] Attempting to fetch AssetTypes from DB...
[2026-02-09T11:26:50.483Z] Fetched 27 types.
